110.06.25 09:38 B F:\santonu\lafarge umiam\FINAL_WEBSITE\highslide\graphics\close.png --> salanja.pair.com /usr/www/users/krishna/webcomindia/demo/lafarge_umiam/highslide/graphics close.png
110.06.25 09:38 B F:\santonu\lafarge umiam\FINAL_WEBSITE\highslide\graphics\closeX.png --> salanja.pair.com /usr/www/users/krishna/webcomindia/demo/lafarge_umiam/highslide/graphics closeX.png
110.06.25 09:38 B F:\santonu\lafarge umiam\FINAL_WEBSITE\highslide\graphics\controlbar-black-border.gif --> salanja.pair.com /usr/www/users/krishna/webcomindia/demo/lafarge_umiam/highslide/graphics controlbar-black-border.gif
110.06.25 09:38 B F:\santonu\lafarge umiam\FINAL_WEBSITE\highslide\graphics\controlbar-text-buttons.png --> salanja.pair.com /usr/www/users/krishna/webcomindia/demo/lafarge_umiam/highslide/graphics controlbar-text-buttons.png
110.06.25 09:38 B F:\santonu\lafarge umiam\FINAL_WEBSITE\highslide\graphics\controlbar-white-small.gif --> salanja.pair.com /usr/www/users/krishna/webcomindia/demo/lafarge_umiam/highslide/graphics controlbar-white-small.gif
110.06.25 09:38 B F:\santonu\lafarge umiam\FINAL_WEBSITE\highslide\graphics\controlbar-white.gif --> salanja.pair.com /usr/www/users/krishna/webcomindia/demo/lafarge_umiam/highslide/graphics controlbar-white.gif
110.06.25 09:39 B F:\santonu\lafarge umiam\FINAL_WEBSITE\highslide\graphics\controlbar2.gif --> salanja.pair.com /usr/www/users/krishna/webcomindia/demo/lafarge_umiam/highslide/graphics controlbar2.gif
110.06.25 09:39 B F:\santonu\lafarge umiam\FINAL_WEBSITE\highslide\graphics\controlbar3.gif --> salanja.pair.com /usr/www/users/krishna/webcomindia/demo/lafarge_umiam/highslide/graphics controlbar3.gif
110.06.25 09:39 B F:\santonu\lafarge umiam\FINAL_WEBSITE\highslide\graphics\controlbar4-hover.gif --> salanja.pair.com /usr/www/users/krishna/webcomindia/demo/lafarge_umiam/highslide/graphics controlbar4-hover.gif
110.06.25 09:39 B F:\santonu\lafarge umiam\FINAL_WEBSITE\highslide\graphics\controlbar4.gif --> salanja.pair.com /usr/www/users/krishna/webcomindia/demo/lafarge_umiam/highslide/graphics controlbar4.gif
110.06.25 09:39 B F:\santonu\lafarge umiam\FINAL_WEBSITE\highslide\graphics\fullexpand.gif --> salanja.pair.com /usr/www/users/krishna/webcomindia/demo/lafarge_umiam/highslide/graphics fullexpand.gif
110.06.25 09:39 B F:\santonu\lafarge umiam\FINAL_WEBSITE\highslide\graphics\geckodimmer.png --> salanja.pair.com /usr/www/users/krishna/webcomindia/demo/lafarge_umiam/highslide/graphics geckodimmer.png
110.06.25 09:39 B F:\santonu\lafarge umiam\FINAL_WEBSITE\highslide\graphics\icon.gif --> salanja.pair.com /usr/www/users/krishna/webcomindia/demo/lafarge_umiam/highslide/graphics icon.gif
110.06.25 09:39 B F:\santonu\lafarge umiam\FINAL_WEBSITE\highslide\graphics\loader.gif --> salanja.pair.com /usr/www/users/krishna/webcomindia/demo/lafarge_umiam/highslide/graphics loader.gif
110.06.25 09:39 B F:\santonu\lafarge umiam\FINAL_WEBSITE\highslide\graphics\loader.white.gif --> salanja.pair.com /usr/www/users/krishna/webcomindia/demo/lafarge_umiam/highslide/graphics loader.white.gif
110.06.25 09:39 B F:\santonu\lafarge umiam\FINAL_WEBSITE\highslide\graphics\resize.gif --> salanja.pair.com /usr/www/users/krishna/webcomindia/demo/lafarge_umiam/highslide/graphics resize.gif
110.06.25 09:39 B F:\santonu\lafarge umiam\FINAL_WEBSITE\highslide\graphics\scrollarrows.png --> salanja.pair.com /usr/www/users/krishna/webcomindia/demo/lafarge_umiam/highslide/graphics scrollarrows.png
110.06.25 09:39 B F:\santonu\lafarge umiam\FINAL_WEBSITE\highslide\graphics\Thumbs.db --> salanja.pair.com /usr/www/users/krishna/webcomindia/demo/lafarge_umiam/highslide/graphics Thumbs.db
110.06.25 09:39 B F:\santonu\lafarge umiam\FINAL_WEBSITE\highslide\graphics\zoomin.cur --> salanja.pair.com /usr/www/users/krishna/webcomindia/demo/lafarge_umiam/highslide/graphics zoomin.cur
110.06.25 09:39 B F:\santonu\lafarge umiam\FINAL_WEBSITE\highslide\graphics\zoomout.cur --> salanja.pair.com /usr/www/users/krishna/webcomindia/demo/lafarge_umiam/highslide/graphics zoomout.cur
110.07.06 17:52 B F:\santonu\lafarge umiam\final_website\highslide\graphics\close.png --> salanja.pair.com /usr/www/users/krishna/webcomindia/lafarge/highslide/graphics close.png
110.07.06 17:52 B F:\santonu\lafarge umiam\final_website\highslide\graphics\closex.png --> salanja.pair.com /usr/www/users/krishna/webcomindia/lafarge/highslide/graphics closex.png
110.07.06 17:52 B F:\santonu\lafarge umiam\final_website\highslide\graphics\controlbar-black-border.gif --> salanja.pair.com /usr/www/users/krishna/webcomindia/lafarge/highslide/graphics controlbar-black-border.gif
110.07.06 17:52 B F:\santonu\lafarge umiam\final_website\highslide\graphics\controlbar-text-buttons.png --> salanja.pair.com /usr/www/users/krishna/webcomindia/lafarge/highslide/graphics controlbar-text-buttons.png
110.07.06 17:52 B F:\santonu\lafarge umiam\final_website\highslide\graphics\controlbar-white-small.gif --> salanja.pair.com /usr/www/users/krishna/webcomindia/lafarge/highslide/graphics controlbar-white-small.gif
110.07.06 17:52 B F:\santonu\lafarge umiam\final_website\highslide\graphics\controlbar-white.gif --> salanja.pair.com /usr/www/users/krishna/webcomindia/lafarge/highslide/graphics controlbar-white.gif
110.07.06 17:52 B F:\santonu\lafarge umiam\final_website\highslide\graphics\controlbar2.gif --> salanja.pair.com /usr/www/users/krishna/webcomindia/lafarge/highslide/graphics controlbar2.gif
110.07.06 17:52 B F:\santonu\lafarge umiam\final_website\highslide\graphics\controlbar3.gif --> salanja.pair.com /usr/www/users/krishna/webcomindia/lafarge/highslide/graphics controlbar3.gif
110.07.06 17:52 B F:\santonu\lafarge umiam\final_website\highslide\graphics\controlbar4-hover.gif --> salanja.pair.com /usr/www/users/krishna/webcomindia/lafarge/highslide/graphics controlbar4-hover.gif
110.07.06 17:53 B F:\santonu\lafarge umiam\final_website\highslide\graphics\controlbar4.gif --> salanja.pair.com /usr/www/users/krishna/webcomindia/lafarge/highslide/graphics controlbar4.gif
110.07.06 17:53 B F:\santonu\lafarge umiam\final_website\highslide\graphics\fullexpand.gif --> salanja.pair.com /usr/www/users/krishna/webcomindia/lafarge/highslide/graphics fullexpand.gif
110.07.06 17:53 B F:\santonu\lafarge umiam\final_website\highslide\graphics\geckodimmer.png --> salanja.pair.com /usr/www/users/krishna/webcomindia/lafarge/highslide/graphics geckodimmer.png
110.07.06 17:53 B F:\santonu\lafarge umiam\final_website\highslide\graphics\icon.gif --> salanja.pair.com /usr/www/users/krishna/webcomindia/lafarge/highslide/graphics icon.gif
110.07.06 17:53 B F:\santonu\lafarge umiam\final_website\highslide\graphics\loader.gif --> salanja.pair.com /usr/www/users/krishna/webcomindia/lafarge/highslide/graphics loader.gif
110.07.06 17:53 B F:\santonu\lafarge umiam\final_website\highslide\graphics\loader.white.gif --> salanja.pair.com /usr/www/users/krishna/webcomindia/lafarge/highslide/graphics loader.white.gif
110.07.06 17:53 B F:\santonu\lafarge umiam\final_website\highslide\graphics\resize.gif --> salanja.pair.com /usr/www/users/krishna/webcomindia/lafarge/highslide/graphics resize.gif
110.07.06 17:53 B F:\santonu\lafarge umiam\final_website\highslide\graphics\scrollarrows.png --> salanja.pair.com /usr/www/users/krishna/webcomindia/lafarge/highslide/graphics scrollarrows.png
110.07.06 17:53 B F:\santonu\lafarge umiam\final_website\highslide\graphics\thumbs.db --> salanja.pair.com /usr/www/users/krishna/webcomindia/lafarge/highslide/graphics thumbs.db
110.07.06 17:53 B F:\santonu\lafarge umiam\final_website\highslide\graphics\ws_ftp.log --> salanja.pair.com /usr/www/users/krishna/webcomindia/lafarge/highslide/graphics ws_ftp.log
110.07.06 17:53 B F:\santonu\lafarge umiam\final_website\highslide\graphics\zoomin.cur --> salanja.pair.com /usr/www/users/krishna/webcomindia/lafarge/highslide/graphics zoomin.cur
110.07.06 17:53 B F:\santonu\lafarge umiam\final_website\highslide\graphics\zoomout.cur --> salanja.pair.com /usr/www/users/krishna/webcomindia/lafarge/highslide/graphics zoomout.cur
110.07.07 18:18 B H:\FINAL_WEBSITE\highslide\graphics\close.png --> ftp.lumpl.com /public_html/highslide/graphics close.png
110.07.07 18:18 B H:\FINAL_WEBSITE\highslide\graphics\closeX.png --> ftp.lumpl.com /public_html/highslide/graphics closeX.png
110.07.07 18:18 B H:\FINAL_WEBSITE\highslide\graphics\controlbar-black-border.gif --> ftp.lumpl.com /public_html/highslide/graphics controlbar-black-border.gif
110.07.07 18:18 B H:\FINAL_WEBSITE\highslide\graphics\controlbar-text-buttons.png --> ftp.lumpl.com /public_html/highslide/graphics controlbar-text-buttons.png
110.07.07 18:18 B H:\FINAL_WEBSITE\highslide\graphics\controlbar-white-small.gif --> ftp.lumpl.com /public_html/highslide/graphics controlbar-white-small.gif
110.07.07 18:18 B H:\FINAL_WEBSITE\highslide\graphics\controlbar-white.gif --> ftp.lumpl.com /public_html/highslide/graphics controlbar-white.gif
110.07.07 18:18 B H:\FINAL_WEBSITE\highslide\graphics\controlbar2.gif --> ftp.lumpl.com /public_html/highslide/graphics controlbar2.gif
110.07.07 18:18 B H:\FINAL_WEBSITE\highslide\graphics\controlbar3.gif --> ftp.lumpl.com /public_html/highslide/graphics controlbar3.gif
110.07.07 18:18 B H:\FINAL_WEBSITE\highslide\graphics\controlbar4-hover.gif --> ftp.lumpl.com /public_html/highslide/graphics controlbar4-hover.gif
110.07.07 18:18 B H:\FINAL_WEBSITE\highslide\graphics\controlbar4.gif --> ftp.lumpl.com /public_html/highslide/graphics controlbar4.gif
110.07.07 18:18 B H:\FINAL_WEBSITE\highslide\graphics\fullexpand.gif --> ftp.lumpl.com /public_html/highslide/graphics fullexpand.gif
110.07.07 18:18 B H:\FINAL_WEBSITE\highslide\graphics\geckodimmer.png --> ftp.lumpl.com /public_html/highslide/graphics geckodimmer.png
110.07.07 18:18 B H:\FINAL_WEBSITE\highslide\graphics\icon.gif --> ftp.lumpl.com /public_html/highslide/graphics icon.gif
110.07.07 18:18 B H:\FINAL_WEBSITE\highslide\graphics\loader.gif --> ftp.lumpl.com /public_html/highslide/graphics loader.gif
110.07.07 18:18 B H:\FINAL_WEBSITE\highslide\graphics\loader.white.gif --> ftp.lumpl.com /public_html/highslide/graphics loader.white.gif
110.07.07 18:18 B H:\FINAL_WEBSITE\highslide\graphics\resize.gif --> ftp.lumpl.com /public_html/highslide/graphics resize.gif
110.07.07 18:18 B H:\FINAL_WEBSITE\highslide\graphics\scrollarrows.png --> ftp.lumpl.com /public_html/highslide/graphics scrollarrows.png
110.07.07 18:18 B H:\FINAL_WEBSITE\highslide\graphics\Thumbs.db --> ftp.lumpl.com /public_html/highslide/graphics Thumbs.db
110.07.07 18:18 B H:\FINAL_WEBSITE\highslide\graphics\WS_FTP.LOG --> ftp.lumpl.com /public_html/highslide/graphics WS_FTP.LOG
110.07.07 18:18 B H:\FINAL_WEBSITE\highslide\graphics\zoomin.cur --> ftp.lumpl.com /public_html/highslide/graphics zoomin.cur
110.07.07 18:18 B H:\FINAL_WEBSITE\highslide\graphics\zoomout.cur --> ftp.lumpl.com /public_html/highslide/graphics zoomout.cur
110.09.27 17:29 A C:\wamp\www\lafarge website\highslide\graphics\close.png --> salanja.pair.com /usr/www/users/krishna/webcomindia/demo/lafarge_new/highslide/graphics close.png
110.09.27 17:29 A C:\wamp\www\lafarge website\highslide\graphics\closex.png --> salanja.pair.com /usr/www/users/krishna/webcomindia/demo/lafarge_new/highslide/graphics closex.png
110.09.27 17:29 A C:\wamp\www\lafarge website\highslide\graphics\controlbar-black-border.gif --> salanja.pair.com /usr/www/users/krishna/webcomindia/demo/lafarge_new/highslide/graphics controlbar-black-border.gif
110.09.27 17:29 A C:\wamp\www\lafarge website\highslide\graphics\controlbar-text-buttons.png --> salanja.pair.com /usr/www/users/krishna/webcomindia/demo/lafarge_new/highslide/graphics controlbar-text-buttons.png
110.09.27 17:29 A C:\wamp\www\lafarge website\highslide\graphics\controlbar-white-small.gif --> salanja.pair.com /usr/www/users/krishna/webcomindia/demo/lafarge_new/highslide/graphics controlbar-white-small.gif
110.09.27 17:29 A C:\wamp\www\lafarge website\highslide\graphics\controlbar-white.gif --> salanja.pair.com /usr/www/users/krishna/webcomindia/demo/lafarge_new/highslide/graphics controlbar-white.gif
110.09.27 17:29 A C:\wamp\www\lafarge website\highslide\graphics\controlbar2.gif --> salanja.pair.com /usr/www/users/krishna/webcomindia/demo/lafarge_new/highslide/graphics controlbar2.gif
110.09.27 17:29 A C:\wamp\www\lafarge website\highslide\graphics\controlbar3.gif --> salanja.pair.com /usr/www/users/krishna/webcomindia/demo/lafarge_new/highslide/graphics controlbar3.gif
110.09.27 17:29 A C:\wamp\www\lafarge website\highslide\graphics\controlbar4-hover.gif --> salanja.pair.com /usr/www/users/krishna/webcomindia/demo/lafarge_new/highslide/graphics controlbar4-hover.gif
110.09.27 17:29 A C:\wamp\www\lafarge website\highslide\graphics\controlbar4.gif --> salanja.pair.com /usr/www/users/krishna/webcomindia/demo/lafarge_new/highslide/graphics controlbar4.gif
110.09.27 17:29 A C:\wamp\www\lafarge website\highslide\graphics\fullexpand.gif --> salanja.pair.com /usr/www/users/krishna/webcomindia/demo/lafarge_new/highslide/graphics fullexpand.gif
110.09.27 17:29 A C:\wamp\www\lafarge website\highslide\graphics\geckodimmer.png --> salanja.pair.com /usr/www/users/krishna/webcomindia/demo/lafarge_new/highslide/graphics geckodimmer.png
110.09.27 17:30 A C:\wamp\www\lafarge website\highslide\graphics\icon.gif --> salanja.pair.com /usr/www/users/krishna/webcomindia/demo/lafarge_new/highslide/graphics icon.gif
110.09.27 17:30 A C:\wamp\www\lafarge website\highslide\graphics\loader.gif --> salanja.pair.com /usr/www/users/krishna/webcomindia/demo/lafarge_new/highslide/graphics loader.gif
110.09.27 17:30 A C:\wamp\www\lafarge website\highslide\graphics\loader.white.gif --> salanja.pair.com /usr/www/users/krishna/webcomindia/demo/lafarge_new/highslide/graphics loader.white.gif
110.09.27 17:30 A C:\wamp\www\lafarge website\highslide\graphics\resize.gif --> salanja.pair.com /usr/www/users/krishna/webcomindia/demo/lafarge_new/highslide/graphics resize.gif
110.09.27 17:30 A C:\wamp\www\lafarge website\highslide\graphics\scrollarrows.png --> salanja.pair.com /usr/www/users/krishna/webcomindia/demo/lafarge_new/highslide/graphics scrollarrows.png
110.09.27 17:30 A C:\wamp\www\lafarge website\highslide\graphics\thumbs.db --> salanja.pair.com /usr/www/users/krishna/webcomindia/demo/lafarge_new/highslide/graphics thumbs.db
110.09.27 17:30 A C:\wamp\www\lafarge website\highslide\graphics\ws_ftp.log --> salanja.pair.com /usr/www/users/krishna/webcomindia/demo/lafarge_new/highslide/graphics ws_ftp.log
110.09.27 17:30 A C:\wamp\www\lafarge website\highslide\graphics\zoomin.cur --> salanja.pair.com /usr/www/users/krishna/webcomindia/demo/lafarge_new/highslide/graphics zoomin.cur
110.09.27 17:30 A C:\wamp\www\lafarge website\highslide\graphics\zoomout.cur --> salanja.pair.com /usr/www/users/krishna/webcomindia/demo/lafarge_new/highslide/graphics zoomout.cur
111.04.08 07:57 B F:\Application\php\bs\website\highslide\graphics\close.png --> 173.236.34.10 /highslide/graphics close.png
111.04.08 07:57 B F:\Application\php\bs\website\highslide\graphics\closeX.png --> 173.236.34.10 /highslide/graphics closeX.png
111.04.08 07:57 B F:\Application\php\bs\website\highslide\graphics\controlbar-black-border.gif --> 173.236.34.10 /highslide/graphics controlbar-black-border.gif
111.04.08 07:57 B F:\Application\php\bs\website\highslide\graphics\controlbar-text-buttons.png --> 173.236.34.10 /highslide/graphics controlbar-text-buttons.png
111.04.08 07:57 B F:\Application\php\bs\website\highslide\graphics\controlbar-white-small.gif --> 173.236.34.10 /highslide/graphics controlbar-white-small.gif
111.04.08 07:57 B F:\Application\php\bs\website\highslide\graphics\controlbar-white.gif --> 173.236.34.10 /highslide/graphics controlbar-white.gif
111.04.08 07:57 B F:\Application\php\bs\website\highslide\graphics\controlbar2.gif --> 173.236.34.10 /highslide/graphics controlbar2.gif
111.04.08 07:57 B F:\Application\php\bs\website\highslide\graphics\controlbar3.gif --> 173.236.34.10 /highslide/graphics controlbar3.gif
111.04.08 07:57 B F:\Application\php\bs\website\highslide\graphics\controlbar4-hover.gif --> 173.236.34.10 /highslide/graphics controlbar4-hover.gif
111.04.08 07:57 B F:\Application\php\bs\website\highslide\graphics\controlbar4.gif --> 173.236.34.10 /highslide/graphics controlbar4.gif
111.04.08 07:57 B F:\Application\php\bs\website\highslide\graphics\fullexpand.gif --> 173.236.34.10 /highslide/graphics fullexpand.gif
111.04.08 07:57 B F:\Application\php\bs\website\highslide\graphics\geckodimmer.png --> 173.236.34.10 /highslide/graphics geckodimmer.png
111.04.08 07:57 B F:\Application\php\bs\website\highslide\graphics\icon.gif --> 173.236.34.10 /highslide/graphics icon.gif
111.04.08 07:57 B F:\Application\php\bs\website\highslide\graphics\loader.gif --> 173.236.34.10 /highslide/graphics loader.gif
111.04.08 07:57 B F:\Application\php\bs\website\highslide\graphics\loader.white.gif --> 173.236.34.10 /highslide/graphics loader.white.gif
111.04.08 07:57 B F:\Application\php\bs\website\highslide\graphics\resize.gif --> 173.236.34.10 /highslide/graphics resize.gif
111.04.08 07:58 B F:\Application\php\bs\website\highslide\graphics\scrollarrows.png --> 173.236.34.10 /highslide/graphics scrollarrows.png
111.04.08 07:58 B F:\Application\php\bs\website\highslide\graphics\Thumbs.db --> 173.236.34.10 /highslide/graphics Thumbs.db
111.04.08 07:58 B F:\Application\php\bs\website\highslide\graphics\WS_FTP.LOG --> 173.236.34.10 /highslide/graphics WS_FTP.LOG
111.04.08 07:58 B F:\Application\php\bs\website\highslide\graphics\zoomin.cur --> 173.236.34.10 /highslide/graphics zoomin.cur
111.04.08 07:58 B F:\Application\php\bs\website\highslide\graphics\zoomout.cur --> 173.236.34.10 /highslide/graphics zoomout.cur
111.05.28 15:28 B F:\Application\php\prime news\photo\highslide\graphics\close.png --> ftp.primenewstv.com /photo/highslide/graphics close.png
111.05.28 15:28 B F:\Application\php\prime news\photo\highslide\graphics\closeX.png --> ftp.primenewstv.com /photo/highslide/graphics closeX.png
111.05.28 15:28 B F:\Application\php\prime news\photo\highslide\graphics\controlbar-black-border.gif --> ftp.primenewstv.com /photo/highslide/graphics controlbar-black-border.gif
111.05.28 15:28 B F:\Application\php\prime news\photo\highslide\graphics\controlbar-text-buttons.png --> ftp.primenewstv.com /photo/highslide/graphics controlbar-text-buttons.png
111.05.28 15:28 B F:\Application\php\prime news\photo\highslide\graphics\controlbar-white-small.gif --> ftp.primenewstv.com /photo/highslide/graphics controlbar-white-small.gif
111.05.28 15:28 B F:\Application\php\prime news\photo\highslide\graphics\controlbar-white.gif --> ftp.primenewstv.com /photo/highslide/graphics controlbar-white.gif
111.05.28 15:28 B F:\Application\php\prime news\photo\highslide\graphics\controlbar2.gif --> ftp.primenewstv.com /photo/highslide/graphics controlbar2.gif
111.05.28 15:28 B F:\Application\php\prime news\photo\highslide\graphics\controlbar3.gif --> ftp.primenewstv.com /photo/highslide/graphics controlbar3.gif
111.05.28 15:28 B F:\Application\php\prime news\photo\highslide\graphics\controlbar4-hover.gif --> ftp.primenewstv.com /photo/highslide/graphics controlbar4-hover.gif
111.05.28 15:28 B F:\Application\php\prime news\photo\highslide\graphics\controlbar4.gif --> ftp.primenewstv.com /photo/highslide/graphics controlbar4.gif
111.05.28 15:28 B F:\Application\php\prime news\photo\highslide\graphics\fullexpand.gif --> ftp.primenewstv.com /photo/highslide/graphics fullexpand.gif
111.05.28 15:28 B F:\Application\php\prime news\photo\highslide\graphics\geckodimmer.png --> ftp.primenewstv.com /photo/highslide/graphics geckodimmer.png
111.05.28 15:28 B F:\Application\php\prime news\photo\highslide\graphics\icon.gif --> ftp.primenewstv.com /photo/highslide/graphics icon.gif
111.05.28 15:28 B F:\Application\php\prime news\photo\highslide\graphics\loader.gif --> ftp.primenewstv.com /photo/highslide/graphics loader.gif
111.05.28 15:28 B F:\Application\php\prime news\photo\highslide\graphics\loader.white.gif --> ftp.primenewstv.com /photo/highslide/graphics loader.white.gif
111.05.28 15:28 B F:\Application\php\prime news\photo\highslide\graphics\resize.gif --> ftp.primenewstv.com /photo/highslide/graphics resize.gif
111.05.28 15:28 B F:\Application\php\prime news\photo\highslide\graphics\scrollarrows.png --> ftp.primenewstv.com /photo/highslide/graphics scrollarrows.png
111.05.28 15:28 B F:\Application\php\prime news\photo\highslide\graphics\Thumbs.db --> ftp.primenewstv.com /photo/highslide/graphics Thumbs.db
111.05.28 15:28 B F:\Application\php\prime news\photo\highslide\graphics\WS_FTP.LOG --> ftp.primenewstv.com /photo/highslide/graphics WS_FTP.LOG
111.05.28 15:28 B F:\Application\php\prime news\photo\highslide\graphics\zoomin.cur --> ftp.primenewstv.com /photo/highslide/graphics zoomin.cur
111.05.28 15:28 B F:\Application\php\prime news\photo\highslide\graphics\zoomout.cur --> ftp.primenewstv.com /photo/highslide/graphics zoomout.cur
111.05.30 17:08 B F:\Application\php\prime news\photo\highslide\graphics\close.png --> ftp.primenewstv.com /photo/highslide/graphics close.png
111.05.30 17:08 B F:\Application\php\prime news\photo\highslide\graphics\closeX.png --> ftp.primenewstv.com /photo/highslide/graphics closeX.png
111.05.30 17:08 B F:\Application\php\prime news\photo\highslide\graphics\controlbar-black-border.gif --> ftp.primenewstv.com /photo/highslide/graphics controlbar-black-border.gif
111.05.30 17:08 B F:\Application\php\prime news\photo\highslide\graphics\controlbar-text-buttons.png --> ftp.primenewstv.com /photo/highslide/graphics controlbar-text-buttons.png
111.05.30 17:08 B F:\Application\php\prime news\photo\highslide\graphics\controlbar-white-small.gif --> ftp.primenewstv.com /photo/highslide/graphics controlbar-white-small.gif
111.05.30 17:08 B F:\Application\php\prime news\photo\highslide\graphics\controlbar-white.gif --> ftp.primenewstv.com /photo/highslide/graphics controlbar-white.gif
111.05.30 17:08 B F:\Application\php\prime news\photo\highslide\graphics\controlbar2.gif --> ftp.primenewstv.com /photo/highslide/graphics controlbar2.gif
111.05.30 17:08 B F:\Application\php\prime news\photo\highslide\graphics\controlbar3.gif --> ftp.primenewstv.com /photo/highslide/graphics controlbar3.gif
111.05.30 17:08 B F:\Application\php\prime news\photo\highslide\graphics\controlbar4-hover.gif --> ftp.primenewstv.com /photo/highslide/graphics controlbar4-hover.gif
111.05.30 17:08 B F:\Application\php\prime news\photo\highslide\graphics\controlbar4.gif --> ftp.primenewstv.com /photo/highslide/graphics controlbar4.gif
111.05.30 17:08 B F:\Application\php\prime news\photo\highslide\graphics\fullexpand.gif --> ftp.primenewstv.com /photo/highslide/graphics fullexpand.gif
111.05.30 17:08 B F:\Application\php\prime news\photo\highslide\graphics\geckodimmer.png --> ftp.primenewstv.com /photo/highslide/graphics geckodimmer.png
111.05.30 17:08 B F:\Application\php\prime news\photo\highslide\graphics\icon.gif --> ftp.primenewstv.com /photo/highslide/graphics icon.gif
111.05.30 17:08 B F:\Application\php\prime news\photo\highslide\graphics\loader.gif --> ftp.primenewstv.com /photo/highslide/graphics loader.gif
111.05.30 17:08 B F:\Application\php\prime news\photo\highslide\graphics\loader.white.gif --> ftp.primenewstv.com /photo/highslide/graphics loader.white.gif
111.05.30 17:08 B F:\Application\php\prime news\photo\highslide\graphics\resize.gif --> ftp.primenewstv.com /photo/highslide/graphics resize.gif
111.05.30 17:08 B F:\Application\php\prime news\photo\highslide\graphics\scrollarrows.png --> ftp.primenewstv.com /photo/highslide/graphics scrollarrows.png
111.05.30 17:08 B F:\Application\php\prime news\photo\highslide\graphics\Thumbs.db --> ftp.primenewstv.com /photo/highslide/graphics Thumbs.db
111.05.30 17:08 B F:\Application\php\prime news\photo\highslide\graphics\WS_FTP.LOG --> ftp.primenewstv.com /photo/highslide/graphics WS_FTP.LOG
111.05.30 17:09 B F:\Application\php\prime news\photo\highslide\graphics\zoomin.cur --> ftp.primenewstv.com /photo/highslide/graphics zoomin.cur
111.05.30 17:09 B F:\Application\php\prime news\photo\highslide\graphics\zoomout.cur --> ftp.primenewstv.com /photo/highslide/graphics zoomout.cur
111.08.01 17:05 B C:\wamp\www\rgvn\highslide\graphics\close.png --> ftp.rgvnindia.org /wwwroot/highslide/graphics close.png
111.08.01 17:05 B C:\wamp\www\rgvn\highslide\graphics\closex.png --> ftp.rgvnindia.org /wwwroot/highslide/graphics closex.png
111.08.01 17:05 B C:\wamp\www\rgvn\highslide\graphics\controlbar-black-border.gif --> ftp.rgvnindia.org /wwwroot/highslide/graphics controlbar-black-border.gif
111.08.01 17:05 B C:\wamp\www\rgvn\highslide\graphics\controlbar-text-buttons.png --> ftp.rgvnindia.org /wwwroot/highslide/graphics controlbar-text-buttons.png
111.08.01 17:05 B C:\wamp\www\rgvn\highslide\graphics\controlbar-white-small.gif --> ftp.rgvnindia.org /wwwroot/highslide/graphics controlbar-white-small.gif
111.08.01 17:05 B C:\wamp\www\rgvn\highslide\graphics\controlbar-white.gif --> ftp.rgvnindia.org /wwwroot/highslide/graphics controlbar-white.gif
111.08.01 17:05 B C:\wamp\www\rgvn\highslide\graphics\controlbar2.gif --> ftp.rgvnindia.org /wwwroot/highslide/graphics controlbar2.gif
111.08.01 17:05 B C:\wamp\www\rgvn\highslide\graphics\controlbar3.gif --> ftp.rgvnindia.org /wwwroot/highslide/graphics controlbar3.gif
111.08.01 17:06 B C:\wamp\www\rgvn\highslide\graphics\controlbar4-hover.gif --> ftp.rgvnindia.org /wwwroot/highslide/graphics controlbar4-hover.gif
111.08.01 17:08 B C:\wamp\www\rgvn\highslide\graphics\close.png --> ftp.rgvnindia.org /wwwroot/highslide/graphics close.png
111.08.01 17:08 B C:\wamp\www\rgvn\highslide\graphics\closex.png --> ftp.rgvnindia.org /wwwroot/highslide/graphics closex.png
111.08.01 17:08 B C:\wamp\www\rgvn\highslide\graphics\controlbar-black-border.gif --> ftp.rgvnindia.org /wwwroot/highslide/graphics controlbar-black-border.gif
111.08.01 17:08 B C:\wamp\www\rgvn\highslide\graphics\controlbar-text-buttons.png --> ftp.rgvnindia.org /wwwroot/highslide/graphics controlbar-text-buttons.png
111.08.01 17:08 B C:\wamp\www\rgvn\highslide\graphics\controlbar-white-small.gif --> ftp.rgvnindia.org /wwwroot/highslide/graphics controlbar-white-small.gif
111.08.01 17:08 B C:\wamp\www\rgvn\highslide\graphics\controlbar-white.gif --> ftp.rgvnindia.org /wwwroot/highslide/graphics controlbar-white.gif
111.08.01 17:08 B C:\wamp\www\rgvn\highslide\graphics\controlbar2.gif --> ftp.rgvnindia.org /wwwroot/highslide/graphics controlbar2.gif
111.08.01 17:08 B C:\wamp\www\rgvn\highslide\graphics\controlbar3.gif --> ftp.rgvnindia.org /wwwroot/highslide/graphics controlbar3.gif
111.09.05 11:31 B C:\wamp\www\rgvn\highslide\graphics\zoomout.cur --> ftp.rgvnindia.org /wwwroot/highslide/graphics zoomout.cur
111.09.05 11:31 B C:\wamp\www\rgvn\highslide\graphics\zoomin.cur --> ftp.rgvnindia.org /wwwroot/highslide/graphics zoomin.cur
111.09.05 11:31 B C:\wamp\www\rgvn\highslide\graphics\scrollarrows.png --> ftp.rgvnindia.org /wwwroot/highslide/graphics scrollarrows.png
111.09.05 11:31 B C:\wamp\www\rgvn\highslide\graphics\resize.gif --> ftp.rgvnindia.org /wwwroot/highslide/graphics resize.gif
111.09.05 11:31 B C:\wamp\www\rgvn\highslide\graphics\loader.white.gif --> ftp.rgvnindia.org /wwwroot/highslide/graphics loader.white.gif
111.09.05 11:31 B C:\wamp\www\rgvn\highslide\graphics\loader.gif --> ftp.rgvnindia.org /wwwroot/highslide/graphics loader.gif
111.09.05 11:31 B C:\wamp\www\rgvn\highslide\graphics\icon.gif --> ftp.rgvnindia.org /wwwroot/highslide/graphics icon.gif
111.09.05 11:31 B C:\wamp\www\rgvn\highslide\graphics\geckodimmer.png --> ftp.rgvnindia.org /wwwroot/highslide/graphics geckodimmer.png
111.09.05 11:31 B C:\wamp\www\rgvn\highslide\graphics\fullexpand.gif --> ftp.rgvnindia.org /wwwroot/highslide/graphics fullexpand.gif
111.09.05 11:32 B C:\wamp\www\rgvn\highslide\graphics\controlbar4.gif --> ftp.rgvnindia.org /wwwroot/highslide/graphics controlbar4.gif
111.09.05 11:32 B C:\wamp\www\rgvn\highslide\graphics\controlbar4-hover.gif --> ftp.rgvnindia.org /wwwroot/highslide/graphics controlbar4-hover.gif
111.09.05 11:32 B C:\wamp\www\rgvn\highslide\graphics\controlbar3.gif --> ftp.rgvnindia.org /wwwroot/highslide/graphics controlbar3.gif
111.09.05 11:32 B C:\wamp\www\rgvn\highslide\graphics\controlbar2.gif --> ftp.rgvnindia.org /wwwroot/highslide/graphics controlbar2.gif
111.09.05 11:32 B C:\wamp\www\rgvn\highslide\graphics\controlbar-white.gif --> ftp.rgvnindia.org /wwwroot/highslide/graphics controlbar-white.gif
111.09.05 11:32 B C:\wamp\www\rgvn\highslide\graphics\controlbar-white-small.gif --> ftp.rgvnindia.org /wwwroot/highslide/graphics controlbar-white-small.gif
111.09.05 11:32 B C:\wamp\www\rgvn\highslide\graphics\controlbar-text-buttons.png --> ftp.rgvnindia.org /wwwroot/highslide/graphics controlbar-text-buttons.png
111.09.05 11:32 B C:\wamp\www\rgvn\highslide\graphics\controlbar-black-border.gif --> ftp.rgvnindia.org /wwwroot/highslide/graphics controlbar-black-border.gif
111.09.05 11:33 B C:\wamp\www\rgvn\highslide\graphics\close.png --> ftp.rgvnindia.org /wwwroot/highslide/graphics close.png
111.09.05 11:33 B C:\wamp\www\rgvn\highslide\graphics\closex.png --> ftp.rgvnindia.org /wwwroot/highslide/graphics closex.png
111.09.06 19:01 B E:\santonu website\utsha\website\highslide\graphics\close.png --> ftp.utsahassam.org /utsahassam.org/wwwroot/highslide/graphics close.png
111.09.06 19:01 B E:\santonu website\utsha\website\highslide\graphics\closex.png --> ftp.utsahassam.org /utsahassam.org/wwwroot/highslide/graphics closex.png
111.09.06 19:01 B E:\santonu website\utsha\website\highslide\graphics\controlbar-black-border.gif --> ftp.utsahassam.org /utsahassam.org/wwwroot/highslide/graphics controlbar-black-border.gif
111.09.06 19:01 B E:\santonu website\utsha\website\highslide\graphics\controlbar-text-buttons.png --> ftp.utsahassam.org /utsahassam.org/wwwroot/highslide/graphics controlbar-text-buttons.png
111.09.06 19:01 B E:\santonu website\utsha\website\highslide\graphics\controlbar-white-small.gif --> ftp.utsahassam.org /utsahassam.org/wwwroot/highslide/graphics controlbar-white-small.gif
111.09.06 19:01 B E:\santonu website\utsha\website\highslide\graphics\controlbar-white.gif --> ftp.utsahassam.org /utsahassam.org/wwwroot/highslide/graphics controlbar-white.gif
111.09.06 19:01 B E:\santonu website\utsha\website\highslide\graphics\controlbar2.gif --> ftp.utsahassam.org /utsahassam.org/wwwroot/highslide/graphics controlbar2.gif
111.09.06 19:02 B E:\santonu website\utsha\website\highslide\graphics\controlbar3.gif --> ftp.utsahassam.org /utsahassam.org/wwwroot/highslide/graphics controlbar3.gif
111.09.06 19:02 B E:\santonu website\utsha\website\highslide\graphics\controlbar4-hover.gif --> ftp.utsahassam.org /utsahassam.org/wwwroot/highslide/graphics controlbar4-hover.gif
111.09.06 19:02 B E:\santonu website\utsha\website\highslide\graphics\controlbar4.gif --> ftp.utsahassam.org /utsahassam.org/wwwroot/highslide/graphics controlbar4.gif
111.09.06 19:02 B E:\santonu website\utsha\website\highslide\graphics\fullexpand.gif --> ftp.utsahassam.org /utsahassam.org/wwwroot/highslide/graphics fullexpand.gif
111.09.06 19:02 B E:\santonu website\utsha\website\highslide\graphics\geckodimmer.png --> ftp.utsahassam.org /utsahassam.org/wwwroot/highslide/graphics geckodimmer.png
111.09.06 19:02 B E:\santonu website\utsha\website\highslide\graphics\icon.gif --> ftp.utsahassam.org /utsahassam.org/wwwroot/highslide/graphics icon.gif
111.09.06 19:02 B E:\santonu website\utsha\website\highslide\graphics\loader.gif --> ftp.utsahassam.org /utsahassam.org/wwwroot/highslide/graphics loader.gif
111.09.06 19:02 B E:\santonu website\utsha\website\highslide\graphics\loader.white.gif --> ftp.utsahassam.org /utsahassam.org/wwwroot/highslide/graphics loader.white.gif
111.09.06 19:02 B E:\santonu website\utsha\website\highslide\graphics\resize.gif --> ftp.utsahassam.org /utsahassam.org/wwwroot/highslide/graphics resize.gif
111.09.06 19:02 B E:\santonu website\utsha\website\highslide\graphics\scrollarrows.png --> ftp.utsahassam.org /utsahassam.org/wwwroot/highslide/graphics scrollarrows.png
111.09.06 19:02 B E:\santonu website\utsha\website\highslide\graphics\ws_ftp.log --> ftp.utsahassam.org /utsahassam.org/wwwroot/highslide/graphics ws_ftp.log
111.09.06 19:02 B E:\santonu website\utsha\website\highslide\graphics\zoomin.cur --> ftp.utsahassam.org /utsahassam.org/wwwroot/highslide/graphics zoomin.cur
111.09.06 19:02 B E:\santonu website\utsha\website\highslide\graphics\zoomout.cur --> ftp.utsahassam.org /utsahassam.org/wwwroot/highslide/graphics zoomout.cur
112.07.31 17:57 B C:\wamp\www\annupurna\website\highslide\graphics\close.png --> krishna1.pairserver.com /usr/home/krishna1/public_html/webcomindia/demo/annapurna/highslide/graphics close.png
112.07.31 17:57 B C:\wamp\www\annupurna\website\highslide\graphics\closeX.png --> krishna1.pairserver.com /usr/home/krishna1/public_html/webcomindia/demo/annapurna/highslide/graphics closeX.png
112.07.31 17:57 B C:\wamp\www\annupurna\website\highslide\graphics\controlbar-black-border.gif --> krishna1.pairserver.com /usr/home/krishna1/public_html/webcomindia/demo/annapurna/highslide/graphics controlbar-black-border.gif
112.07.31 17:57 B C:\wamp\www\annupurna\website\highslide\graphics\controlbar-text-buttons.png --> krishna1.pairserver.com /usr/home/krishna1/public_html/webcomindia/demo/annapurna/highslide/graphics controlbar-text-buttons.png
112.07.31 17:57 B C:\wamp\www\annupurna\website\highslide\graphics\controlbar-white-small.gif --> krishna1.pairserver.com /usr/home/krishna1/public_html/webcomindia/demo/annapurna/highslide/graphics controlbar-white-small.gif
112.07.31 17:57 B C:\wamp\www\annupurna\website\highslide\graphics\controlbar-white.gif --> krishna1.pairserver.com /usr/home/krishna1/public_html/webcomindia/demo/annapurna/highslide/graphics controlbar-white.gif
112.07.31 17:57 B C:\wamp\www\annupurna\website\highslide\graphics\controlbar2.gif --> krishna1.pairserver.com /usr/home/krishna1/public_html/webcomindia/demo/annapurna/highslide/graphics controlbar2.gif
112.07.31 17:57 B C:\wamp\www\annupurna\website\highslide\graphics\controlbar3.gif --> krishna1.pairserver.com /usr/home/krishna1/public_html/webcomindia/demo/annapurna/highslide/graphics controlbar3.gif
112.07.31 17:57 B C:\wamp\www\annupurna\website\highslide\graphics\controlbar4-hover.gif --> krishna1.pairserver.com /usr/home/krishna1/public_html/webcomindia/demo/annapurna/highslide/graphics controlbar4-hover.gif
112.07.31 17:57 B C:\wamp\www\annupurna\website\highslide\graphics\controlbar4.gif --> krishna1.pairserver.com /usr/home/krishna1/public_html/webcomindia/demo/annapurna/highslide/graphics controlbar4.gif
112.07.31 17:57 B C:\wamp\www\annupurna\website\highslide\graphics\fullexpand.gif --> krishna1.pairserver.com /usr/home/krishna1/public_html/webcomindia/demo/annapurna/highslide/graphics fullexpand.gif
112.07.31 17:57 B C:\wamp\www\annupurna\website\highslide\graphics\geckodimmer.png --> krishna1.pairserver.com /usr/home/krishna1/public_html/webcomindia/demo/annapurna/highslide/graphics geckodimmer.png
112.07.31 17:57 B C:\wamp\www\annupurna\website\highslide\graphics\icon.gif --> krishna1.pairserver.com /usr/home/krishna1/public_html/webcomindia/demo/annapurna/highslide/graphics icon.gif
112.07.31 17:57 B C:\wamp\www\annupurna\website\highslide\graphics\loader.gif --> krishna1.pairserver.com /usr/home/krishna1/public_html/webcomindia/demo/annapurna/highslide/graphics loader.gif
112.07.31 17:57 B C:\wamp\www\annupurna\website\highslide\graphics\loader.white.gif --> krishna1.pairserver.com /usr/home/krishna1/public_html/webcomindia/demo/annapurna/highslide/graphics loader.white.gif
112.07.31 17:57 B C:\wamp\www\annupurna\website\highslide\graphics\resize.gif --> krishna1.pairserver.com /usr/home/krishna1/public_html/webcomindia/demo/annapurna/highslide/graphics resize.gif
112.07.31 17:57 B C:\wamp\www\annupurna\website\highslide\graphics\scrollarrows.png --> krishna1.pairserver.com /usr/home/krishna1/public_html/webcomindia/demo/annapurna/highslide/graphics scrollarrows.png
112.07.31 17:57 B C:\wamp\www\annupurna\website\highslide\graphics\Thumbs.db --> krishna1.pairserver.com /usr/home/krishna1/public_html/webcomindia/demo/annapurna/highslide/graphics Thumbs.db
112.07.31 17:57 B C:\wamp\www\annupurna\website\highslide\graphics\WS_FTP.LOG --> krishna1.pairserver.com /usr/home/krishna1/public_html/webcomindia/demo/annapurna/highslide/graphics WS_FTP.LOG
112.07.31 17:57 B C:\wamp\www\annupurna\website\highslide\graphics\zoomin.cur --> krishna1.pairserver.com /usr/home/krishna1/public_html/webcomindia/demo/annapurna/highslide/graphics zoomin.cur
112.07.31 17:57 B C:\wamp\www\annupurna\website\highslide\graphics\zoomout.cur --> krishna1.pairserver.com /usr/home/krishna1/public_html/webcomindia/demo/annapurna/highslide/graphics zoomout.cur
112.09.12 11:01 B C:\wamp\www\annupurna\website\highslide\graphics\close.png --> ftp.webcomipl.net /demo/annapurna/new/highslide/graphics close.png
112.09.12 11:01 B C:\wamp\www\annupurna\website\highslide\graphics\closeX.png --> ftp.webcomipl.net /demo/annapurna/new/highslide/graphics closeX.png
112.09.12 11:02 B C:\wamp\www\annupurna\website\highslide\graphics\controlbar-black-border.gif --> ftp.webcomipl.net /demo/annapurna/new/highslide/graphics controlbar-black-border.gif
112.09.12 11:02 B C:\wamp\www\annupurna\website\highslide\graphics\controlbar-text-buttons.png --> ftp.webcomipl.net /demo/annapurna/new/highslide/graphics controlbar-text-buttons.png
112.09.12 11:02 B C:\wamp\www\annupurna\website\highslide\graphics\controlbar-white-small.gif --> ftp.webcomipl.net /demo/annapurna/new/highslide/graphics controlbar-white-small.gif
112.09.12 11:02 B C:\wamp\www\annupurna\website\highslide\graphics\controlbar-white.gif --> ftp.webcomipl.net /demo/annapurna/new/highslide/graphics controlbar-white.gif
112.09.12 11:02 B C:\wamp\www\annupurna\website\highslide\graphics\controlbar2.gif --> ftp.webcomipl.net /demo/annapurna/new/highslide/graphics controlbar2.gif
112.09.12 11:02 B C:\wamp\www\annupurna\website\highslide\graphics\controlbar3.gif --> ftp.webcomipl.net /demo/annapurna/new/highslide/graphics controlbar3.gif
112.09.12 11:02 B C:\wamp\www\annupurna\website\highslide\graphics\controlbar4-hover.gif --> ftp.webcomipl.net /demo/annapurna/new/highslide/graphics controlbar4-hover.gif
112.09.12 11:02 B C:\wamp\www\annupurna\website\highslide\graphics\controlbar4.gif --> ftp.webcomipl.net /demo/annapurna/new/highslide/graphics controlbar4.gif
112.09.12 11:02 B C:\wamp\www\annupurna\website\highslide\graphics\fullexpand.gif --> ftp.webcomipl.net /demo/annapurna/new/highslide/graphics fullexpand.gif
112.09.12 11:02 B C:\wamp\www\annupurna\website\highslide\graphics\geckodimmer.png --> ftp.webcomipl.net /demo/annapurna/new/highslide/graphics geckodimmer.png
112.09.12 11:02 B C:\wamp\www\annupurna\website\highslide\graphics\icon.gif --> ftp.webcomipl.net /demo/annapurna/new/highslide/graphics icon.gif
112.09.12 11:02 B C:\wamp\www\annupurna\website\highslide\graphics\loader.gif --> ftp.webcomipl.net /demo/annapurna/new/highslide/graphics loader.gif
112.09.12 11:02 B C:\wamp\www\annupurna\website\highslide\graphics\loader.white.gif --> ftp.webcomipl.net /demo/annapurna/new/highslide/graphics loader.white.gif
112.09.12 11:02 B C:\wamp\www\annupurna\website\highslide\graphics\resize.gif --> ftp.webcomipl.net /demo/annapurna/new/highslide/graphics resize.gif
112.09.12 11:02 B C:\wamp\www\annupurna\website\highslide\graphics\scrollarrows.png --> ftp.webcomipl.net /demo/annapurna/new/highslide/graphics scrollarrows.png
112.09.12 11:02 B C:\wamp\www\annupurna\website\highslide\graphics\zoomin.cur --> ftp.webcomipl.net /demo/annapurna/new/highslide/graphics zoomin.cur
112.09.12 11:02 B C:\wamp\www\annupurna\website\highslide\graphics\zoomout.cur --> ftp.webcomipl.net /demo/annapurna/new/highslide/graphics zoomout.cur
