110.06.25 09:49 A F:\santonu\lafarge umiam\FINAL_WEBSITE\highslide\highslide-full.js --> salanja.pair.com /usr/www/users/krishna/webcomindia/demo/lafarge_umiam/highslide highslide-full.js
110.06.25 09:49 A F:\santonu\lafarge umiam\FINAL_WEBSITE\highslide\highslide-full.packed.js --> salanja.pair.com /usr/www/users/krishna/webcomindia/demo/lafarge_umiam/highslide highslide-full.packed.js
110.06.25 09:49 A F:\santonu\lafarge umiam\FINAL_WEBSITE\highslide\highslide-ie6.css --> salanja.pair.com /usr/www/users/krishna/webcomindia/demo/lafarge_umiam/highslide highslide-ie6.css
110.06.25 09:49 A F:\santonu\lafarge umiam\FINAL_WEBSITE\highslide\highslide-with-gallery.js --> salanja.pair.com /usr/www/users/krishna/webcomindia/demo/lafarge_umiam/highslide highslide-with-gallery.js
110.06.25 09:49 A F:\santonu\lafarge umiam\FINAL_WEBSITE\highslide\highslide-with-gallery.packed.js --> salanja.pair.com /usr/www/users/krishna/webcomindia/demo/lafarge_umiam/highslide highslide-with-gallery.packed.js
110.06.25 09:49 A F:\santonu\lafarge umiam\FINAL_WEBSITE\highslide\highslide-with-html.js --> salanja.pair.com /usr/www/users/krishna/webcomindia/demo/lafarge_umiam/highslide highslide-with-html.js
110.06.25 09:49 A F:\santonu\lafarge umiam\FINAL_WEBSITE\highslide\highslide-with-html.packed.js --> salanja.pair.com /usr/www/users/krishna/webcomindia/demo/lafarge_umiam/highslide highslide-with-html.packed.js
110.06.25 09:49 A F:\santonu\lafarge umiam\FINAL_WEBSITE\highslide\highslide.css --> salanja.pair.com /usr/www/users/krishna/webcomindia/demo/lafarge_umiam/highslide highslide.css
110.06.25 09:49 A F:\santonu\lafarge umiam\FINAL_WEBSITE\highslide\highslide.js --> salanja.pair.com /usr/www/users/krishna/webcomindia/demo/lafarge_umiam/highslide highslide.js
110.06.25 09:49 A F:\santonu\lafarge umiam\FINAL_WEBSITE\highslide\highslide.packed.js --> salanja.pair.com /usr/www/users/krishna/webcomindia/demo/lafarge_umiam/highslide highslide.packed.js
110.06.25 11:20 A F:\santonu\lafarge umiam\FINAL_WEBSITE\highslide\highslide-with-gallery.js --> salanja.pair.com /usr/www/users/krishna/webcomindia/demo/lafarge_umiam/highslide highslide-with-gallery.js
110.07.06 17:51 A F:\santonu\lafarge umiam\final_website\highslide\highslide-full.js --> salanja.pair.com /usr/www/users/krishna/webcomindia/lafarge/highslide highslide-full.js
110.07.06 17:51 A F:\santonu\lafarge umiam\final_website\highslide\highslide-full.packed.js --> salanja.pair.com /usr/www/users/krishna/webcomindia/lafarge/highslide highslide-full.packed.js
110.07.06 17:51 A F:\santonu\lafarge umiam\final_website\highslide\highslide-ie6.css --> salanja.pair.com /usr/www/users/krishna/webcomindia/lafarge/highslide highslide-ie6.css
110.07.06 17:51 A F:\santonu\lafarge umiam\final_website\highslide\highslide-with-gallery.js --> salanja.pair.com /usr/www/users/krishna/webcomindia/lafarge/highslide highslide-with-gallery.js
110.07.06 17:51 A F:\santonu\lafarge umiam\final_website\highslide\highslide-with-gallery.packed.js --> salanja.pair.com /usr/www/users/krishna/webcomindia/lafarge/highslide highslide-with-gallery.packed.js
110.07.06 17:52 A F:\santonu\lafarge umiam\final_website\highslide\highslide-with-html.js --> salanja.pair.com /usr/www/users/krishna/webcomindia/lafarge/highslide highslide-with-html.js
110.07.06 17:52 A F:\santonu\lafarge umiam\final_website\highslide\highslide-with-html.packed.js --> salanja.pair.com /usr/www/users/krishna/webcomindia/lafarge/highslide highslide-with-html.packed.js
110.07.06 17:52 A F:\santonu\lafarge umiam\final_website\highslide\highslide.css --> salanja.pair.com /usr/www/users/krishna/webcomindia/lafarge/highslide highslide.css
110.07.06 17:52 A F:\santonu\lafarge umiam\final_website\highslide\highslide.js --> salanja.pair.com /usr/www/users/krishna/webcomindia/lafarge/highslide highslide.js
110.07.06 17:52 A F:\santonu\lafarge umiam\final_website\highslide\highslide.packed.js --> salanja.pair.com /usr/www/users/krishna/webcomindia/lafarge/highslide highslide.packed.js
110.07.07 18:16 A H:\FINAL_WEBSITE\highslide\highslide-full.js --> ftp.lumpl.com /public_html/highslide highslide-full.js
110.07.07 18:17 A H:\FINAL_WEBSITE\highslide\highslide-full.packed.js --> ftp.lumpl.com /public_html/highslide highslide-full.packed.js
110.07.07 18:17 A H:\FINAL_WEBSITE\highslide\highslide-ie6.css --> ftp.lumpl.com /public_html/highslide highslide-ie6.css
110.07.07 18:17 A H:\FINAL_WEBSITE\highslide\highslide-with-gallery.js --> ftp.lumpl.com /public_html/highslide highslide-with-gallery.js
110.07.07 18:17 A H:\FINAL_WEBSITE\highslide\highslide-with-gallery.packed.js --> ftp.lumpl.com /public_html/highslide highslide-with-gallery.packed.js
110.07.07 18:17 A H:\FINAL_WEBSITE\highslide\highslide-with-html.js --> ftp.lumpl.com /public_html/highslide highslide-with-html.js
110.07.07 18:17 A H:\FINAL_WEBSITE\highslide\highslide-with-html.packed.js --> ftp.lumpl.com /public_html/highslide highslide-with-html.packed.js
110.07.07 18:17 A H:\FINAL_WEBSITE\highslide\highslide.css --> ftp.lumpl.com /public_html/highslide highslide.css
110.07.07 18:17 A H:\FINAL_WEBSITE\highslide\highslide.js --> ftp.lumpl.com /public_html/highslide highslide.js
110.07.07 18:17 A H:\FINAL_WEBSITE\highslide\highslide.packed.js --> ftp.lumpl.com /public_html/highslide highslide.packed.js
110.09.27 17:25 A C:\wamp\www\lafarge website\highslide\highslide-full.js --> salanja.pair.com /usr/www/users/krishna/webcomindia/demo/lafarge_new/highslide highslide-full.js
110.09.27 17:25 A C:\wamp\www\lafarge website\highslide\highslide-full.packed.js --> salanja.pair.com /usr/www/users/krishna/webcomindia/demo/lafarge_new/highslide highslide-full.packed.js
110.09.27 17:25 A C:\wamp\www\lafarge website\highslide\highslide-ie6.css --> salanja.pair.com /usr/www/users/krishna/webcomindia/demo/lafarge_new/highslide highslide-ie6.css
110.09.27 17:25 A C:\wamp\www\lafarge website\highslide\highslide-with-gallery.js --> salanja.pair.com /usr/www/users/krishna/webcomindia/demo/lafarge_new/highslide highslide-with-gallery.js
110.09.27 17:26 A C:\wamp\www\lafarge website\highslide\highslide-with-gallery.packed.js --> salanja.pair.com /usr/www/users/krishna/webcomindia/demo/lafarge_new/highslide highslide-with-gallery.packed.js
110.09.27 17:26 A C:\wamp\www\lafarge website\highslide\highslide-with-html.js --> salanja.pair.com /usr/www/users/krishna/webcomindia/demo/lafarge_new/highslide highslide-with-html.js
110.09.27 17:26 A C:\wamp\www\lafarge website\highslide\highslide-with-html.packed.js --> salanja.pair.com /usr/www/users/krishna/webcomindia/demo/lafarge_new/highslide highslide-with-html.packed.js
110.09.27 17:26 A C:\wamp\www\lafarge website\highslide\highslide.css --> salanja.pair.com /usr/www/users/krishna/webcomindia/demo/lafarge_new/highslide highslide.css
110.09.27 17:26 A C:\wamp\www\lafarge website\highslide\highslide.js --> salanja.pair.com /usr/www/users/krishna/webcomindia/demo/lafarge_new/highslide highslide.js
110.09.27 17:26 A C:\wamp\www\lafarge website\highslide\highslide.packed.js --> salanja.pair.com /usr/www/users/krishna/webcomindia/demo/lafarge_new/highslide highslide.packed.js
111.04.08 07:58 B F:\Application\php\bs\website\highslide\highslide-full.js --> 173.236.34.10 /highslide highslide-full.js
111.04.08 07:58 B F:\Application\php\bs\website\highslide\highslide-full.packed.js --> 173.236.34.10 /highslide highslide-full.packed.js
111.04.08 07:58 B F:\Application\php\bs\website\highslide\highslide-ie6.css --> 173.236.34.10 /highslide highslide-ie6.css
111.04.08 07:58 B F:\Application\php\bs\website\highslide\highslide-with-gallery.js --> 173.236.34.10 /highslide highslide-with-gallery.js
111.04.08 07:58 B F:\Application\php\bs\website\highslide\highslide-with-gallery.packed.js --> 173.236.34.10 /highslide highslide-with-gallery.packed.js
111.04.08 07:58 B F:\Application\php\bs\website\highslide\highslide-with-html.js --> 173.236.34.10 /highslide highslide-with-html.js
111.04.08 07:58 B F:\Application\php\bs\website\highslide\highslide-with-html.packed.js --> 173.236.34.10 /highslide highslide-with-html.packed.js
111.04.08 07:58 B F:\Application\php\bs\website\highslide\highslide.css --> 173.236.34.10 /highslide highslide.css
111.04.08 07:58 B F:\Application\php\bs\website\highslide\highslide.js --> 173.236.34.10 /highslide highslide.js
111.04.08 07:58 B F:\Application\php\bs\website\highslide\highslide.packed.js --> 173.236.34.10 /highslide highslide.packed.js
111.04.08 07:58 B F:\Application\php\bs\website\highslide\WS_FTP.LOG --> 173.236.34.10 /highslide WS_FTP.LOG
99.04.09 20:12 B F:\Application\php\bs\website\highslide\highslide-full.js --> 173.236.34.10 /highslide highslide-full.js
99.04.09 20:15 B F:\Application\php\bs\website\highslide\highslide-full.js --> 173.236.34.10 /highslide highslide-full.js
99.04.09 20:17 B F:\Application\php\bs\website\highslide\highslide-with-gallery.js --> 173.236.34.10 /highslide highslide-with-gallery.js
111.05.28 15:29 B F:\Application\php\prime news\photo\highslide\highslide-full.js --> ftp.primenewstv.com /photo/highslide highslide-full.js
111.05.28 15:29 B F:\Application\php\prime news\photo\highslide\highslide-full.packed.js --> ftp.primenewstv.com /photo/highslide highslide-full.packed.js
111.05.28 15:29 B F:\Application\php\prime news\photo\highslide\highslide-ie6.css --> ftp.primenewstv.com /photo/highslide highslide-ie6.css
111.05.28 15:29 B F:\Application\php\prime news\photo\highslide\highslide-with-gallery.js --> ftp.primenewstv.com /photo/highslide highslide-with-gallery.js
111.05.28 15:29 B F:\Application\php\prime news\photo\highslide\highslide-with-gallery.packed.js --> ftp.primenewstv.com /photo/highslide highslide-with-gallery.packed.js
111.05.28 15:29 B F:\Application\php\prime news\photo\highslide\highslide-with-html.js --> ftp.primenewstv.com /photo/highslide highslide-with-html.js
111.05.28 15:29 B F:\Application\php\prime news\photo\highslide\highslide-with-html.packed.js --> ftp.primenewstv.com /photo/highslide highslide-with-html.packed.js
111.05.28 15:29 B F:\Application\php\prime news\photo\highslide\highslide.css --> ftp.primenewstv.com /photo/highslide highslide.css
111.05.28 15:29 B F:\Application\php\prime news\photo\highslide\highslide.js --> ftp.primenewstv.com /photo/highslide highslide.js
111.05.28 15:29 B F:\Application\php\prime news\photo\highslide\highslide.packed.js --> ftp.primenewstv.com /photo/highslide highslide.packed.js
111.05.28 15:29 B F:\Application\php\prime news\photo\highslide\WS_FTP.LOG --> ftp.primenewstv.com /photo/highslide WS_FTP.LOG
111.05.30 17:09 B F:\Application\php\prime news\photo\highslide\highslide-full.js --> ftp.primenewstv.com /photo/highslide highslide-full.js
111.05.30 17:09 B F:\Application\php\prime news\photo\highslide\highslide-full.packed.js --> ftp.primenewstv.com /photo/highslide highslide-full.packed.js
111.05.30 17:09 B F:\Application\php\prime news\photo\highslide\highslide-ie6.css --> ftp.primenewstv.com /photo/highslide highslide-ie6.css
111.05.30 17:09 B F:\Application\php\prime news\photo\highslide\highslide-with-gallery.js --> ftp.primenewstv.com /photo/highslide highslide-with-gallery.js
111.05.30 17:10 B F:\Application\php\prime news\photo\highslide\highslide-with-gallery.packed.js --> ftp.primenewstv.com /photo/highslide highslide-with-gallery.packed.js
111.05.30 17:10 B F:\Application\php\prime news\photo\highslide\highslide-with-html.js --> ftp.primenewstv.com /photo/highslide highslide-with-html.js
111.05.30 17:10 B F:\Application\php\prime news\photo\highslide\highslide-with-html.packed.js --> ftp.primenewstv.com /photo/highslide highslide-with-html.packed.js
111.05.30 17:10 B F:\Application\php\prime news\photo\highslide\highslide.css --> ftp.primenewstv.com /photo/highslide highslide.css
111.05.30 17:10 B F:\Application\php\prime news\photo\highslide\highslide.js --> ftp.primenewstv.com /photo/highslide highslide.js
111.05.30 17:10 B F:\Application\php\prime news\photo\highslide\highslide.packed.js --> ftp.primenewstv.com /photo/highslide highslide.packed.js
111.05.30 17:10 B F:\Application\php\prime news\photo\highslide\WS_FTP.LOG --> ftp.primenewstv.com /photo/highslide WS_FTP.LOG
111.08.01 17:03 A C:\wamp\www\rgvn\highslide\highslide-full.js --> ftp.rgvnindia.org /wwwroot/highslide highslide-full.js
111.08.01 17:03 A C:\wamp\www\rgvn\highslide\highslide-full.packed.js --> ftp.rgvnindia.org /wwwroot/highslide highslide-full.packed.js
111.08.01 17:03 A C:\wamp\www\rgvn\highslide\highslide-ie6.css --> ftp.rgvnindia.org /wwwroot/highslide highslide-ie6.css
111.08.01 17:03 A C:\wamp\www\rgvn\highslide\highslide-with-gallery.js --> ftp.rgvnindia.org /wwwroot/highslide highslide-with-gallery.js
111.08.01 17:03 A C:\wamp\www\rgvn\highslide\highslide-with-gallery.packed.js --> ftp.rgvnindia.org /wwwroot/highslide highslide-with-gallery.packed.js
111.08.01 17:03 A C:\wamp\www\rgvn\highslide\highslide-with-html.js --> ftp.rgvnindia.org /wwwroot/highslide highslide-with-html.js
111.08.01 17:04 A C:\wamp\www\rgvn\highslide\highslide-with-html.packed.js --> ftp.rgvnindia.org /wwwroot/highslide highslide-with-html.packed.js
111.08.01 17:04 A C:\wamp\www\rgvn\highslide\highslide.css --> ftp.rgvnindia.org /wwwroot/highslide highslide.css
111.08.01 17:04 A C:\wamp\www\rgvn\highslide\highslide.js --> ftp.rgvnindia.org /wwwroot/highslide highslide.js
111.08.01 17:04 A C:\wamp\www\rgvn\highslide\highslide.packed.js --> ftp.rgvnindia.org /wwwroot/highslide highslide.packed.js
111.09.06 18:59 A E:\santonu website\utsha\website\highslide\highslide-full.js --> ftp.utsahassam.org /utsahassam.org/wwwroot/highslide highslide-full.js
111.09.06 18:59 A E:\santonu website\utsha\website\highslide\highslide-full.packed.js --> ftp.utsahassam.org /utsahassam.org/wwwroot/highslide highslide-full.packed.js
111.09.06 18:59 A E:\santonu website\utsha\website\highslide\highslide-ie6.css --> ftp.utsahassam.org /utsahassam.org/wwwroot/highslide highslide-ie6.css
111.09.06 18:59 A E:\santonu website\utsha\website\highslide\highslide-with-gallery.js --> ftp.utsahassam.org /utsahassam.org/wwwroot/highslide highslide-with-gallery.js
111.09.06 18:59 A E:\santonu website\utsha\website\highslide\highslide-with-gallery.packed.js --> ftp.utsahassam.org /utsahassam.org/wwwroot/highslide highslide-with-gallery.packed.js
111.09.06 18:59 A E:\santonu website\utsha\website\highslide\highslide-with-html.js --> ftp.utsahassam.org /utsahassam.org/wwwroot/highslide highslide-with-html.js
111.09.06 19:00 A E:\santonu website\utsha\website\highslide\highslide-with-html.packed.js --> ftp.utsahassam.org /utsahassam.org/wwwroot/highslide highslide-with-html.packed.js
111.09.06 19:00 A E:\santonu website\utsha\website\highslide\highslide.css --> ftp.utsahassam.org /utsahassam.org/wwwroot/highslide highslide.css
111.09.06 19:00 A E:\santonu website\utsha\website\highslide\highslide.js --> ftp.utsahassam.org /utsahassam.org/wwwroot/highslide highslide.js
111.09.06 19:00 A E:\santonu website\utsha\website\highslide\highslide.packed.js --> ftp.utsahassam.org /utsahassam.org/wwwroot/highslide highslide.packed.js
112.07.31 17:56 A C:\wamp\www\annupurna\website\highslide\highslide-full.js --> krishna1.pairserver.com /usr/home/krishna1/public_html/webcomindia/demo/annapurna/highslide highslide-full.js
112.07.31 17:56 A C:\wamp\www\annupurna\website\highslide\highslide-full.packed.js --> krishna1.pairserver.com /usr/home/krishna1/public_html/webcomindia/demo/annapurna/highslide highslide-full.packed.js
112.07.31 17:56 A C:\wamp\www\annupurna\website\highslide\highslide-ie6.css --> krishna1.pairserver.com /usr/home/krishna1/public_html/webcomindia/demo/annapurna/highslide highslide-ie6.css
112.07.31 17:56 A C:\wamp\www\annupurna\website\highslide\highslide-with-gallery.js --> krishna1.pairserver.com /usr/home/krishna1/public_html/webcomindia/demo/annapurna/highslide highslide-with-gallery.js
112.07.31 17:56 A C:\wamp\www\annupurna\website\highslide\highslide-with-gallery.packed.js --> krishna1.pairserver.com /usr/home/krishna1/public_html/webcomindia/demo/annapurna/highslide highslide-with-gallery.packed.js
112.07.31 17:56 A C:\wamp\www\annupurna\website\highslide\highslide-with-html.js --> krishna1.pairserver.com /usr/home/krishna1/public_html/webcomindia/demo/annapurna/highslide highslide-with-html.js
112.07.31 17:56 A C:\wamp\www\annupurna\website\highslide\highslide-with-html.packed.js --> krishna1.pairserver.com /usr/home/krishna1/public_html/webcomindia/demo/annapurna/highslide highslide-with-html.packed.js
112.07.31 17:56 A C:\wamp\www\annupurna\website\highslide\highslide-with-htmlcms.js --> krishna1.pairserver.com /usr/home/krishna1/public_html/webcomindia/demo/annapurna/highslide highslide-with-htmlcms.js
112.07.31 17:56 A C:\wamp\www\annupurna\website\highslide\highslide.css --> krishna1.pairserver.com /usr/home/krishna1/public_html/webcomindia/demo/annapurna/highslide highslide.css
112.07.31 17:56 A C:\wamp\www\annupurna\website\highslide\highslide.js --> krishna1.pairserver.com /usr/home/krishna1/public_html/webcomindia/demo/annapurna/highslide highslide.js
112.07.31 17:56 A C:\wamp\www\annupurna\website\highslide\highslide.packed.js --> krishna1.pairserver.com /usr/home/krishna1/public_html/webcomindia/demo/annapurna/highslide highslide.packed.js
112.09.12 10:58 A C:\wamp\www\annupurna\website\highslide\highslide-full.js --> ftp.webcomipl.net /demo/annapurna/new/highslide highslide-full.js
112.09.12 10:58 A C:\wamp\www\annupurna\website\highslide\highslide-full.packed.js --> ftp.webcomipl.net /demo/annapurna/new/highslide highslide-full.packed.js
112.09.12 10:58 A C:\wamp\www\annupurna\website\highslide\highslide-ie6.css --> ftp.webcomipl.net /demo/annapurna/new/highslide highslide-ie6.css
112.09.12 10:58 A C:\wamp\www\annupurna\website\highslide\highslide-with-gallery.js --> ftp.webcomipl.net /demo/annapurna/new/highslide highslide-with-gallery.js
112.09.12 10:58 A C:\wamp\www\annupurna\website\highslide\highslide-with-gallery.packed.js --> ftp.webcomipl.net /demo/annapurna/new/highslide highslide-with-gallery.packed.js
112.09.12 10:58 A C:\wamp\www\annupurna\website\highslide\highslide-with-html.js --> ftp.webcomipl.net /demo/annapurna/new/highslide highslide-with-html.js
112.09.12 10:58 A C:\wamp\www\annupurna\website\highslide\highslide-with-html.packed.js --> ftp.webcomipl.net /demo/annapurna/new/highslide highslide-with-html.packed.js
112.09.12 10:59 A C:\wamp\www\annupurna\website\highslide\highslide-with-htmlcms.js --> ftp.webcomipl.net /demo/annapurna/new/highslide highslide-with-htmlcms.js
112.09.12 10:59 A C:\wamp\www\annupurna\website\highslide\highslide.css --> ftp.webcomipl.net /demo/annapurna/new/highslide highslide.css
112.09.12 10:59 A C:\wamp\www\annupurna\website\highslide\highslide.js --> ftp.webcomipl.net /demo/annapurna/new/highslide highslide.js
112.09.12 10:59 A C:\wamp\www\annupurna\website\highslide\highslide.packed.js --> ftp.webcomipl.net /demo/annapurna/new/highslide highslide.packed.js
