110.06.24 18:38 A F:\santonu\lafarge umiam\FINAL_WEBSITE\highslide\graphics\outlines\beveled.png --> salanja.pair.com /usr/www/users/krishna/webcomindia/demo/lafarge_umiam/highslide/graphics/outlines beveled.png
110.06.24 18:38 A F:\santonu\lafarge umiam\FINAL_WEBSITE\highslide\graphics\outlines\drop-shadow.png --> salanja.pair.com /usr/www/users/krishna/webcomindia/demo/lafarge_umiam/highslide/graphics/outlines drop-shadow.png
110.06.24 18:38 A F:\santonu\lafarge umiam\FINAL_WEBSITE\highslide\graphics\outlines\glossy-dark.png --> salanja.pair.com /usr/www/users/krishna/webcomindia/demo/lafarge_umiam/highslide/graphics/outlines glossy-dark.png
110.06.24 18:38 A F:\santonu\lafarge umiam\FINAL_WEBSITE\highslide\graphics\outlines\outer-glow.png --> salanja.pair.com /usr/www/users/krishna/webcomindia/demo/lafarge_umiam/highslide/graphics/outlines outer-glow.png
110.06.24 18:39 A F:\santonu\lafarge umiam\FINAL_WEBSITE\highslide\graphics\outlines\Outlines.psd --> salanja.pair.com /usr/www/users/krishna/webcomindia/demo/lafarge_umiam/highslide/graphics/outlines Outlines.psd
110.06.24 18:39 A F:\santonu\lafarge umiam\FINAL_WEBSITE\highslide\graphics\outlines\rounded-black.png --> salanja.pair.com /usr/www/users/krishna/webcomindia/demo/lafarge_umiam/highslide/graphics/outlines rounded-black.png
110.06.24 18:39 A F:\santonu\lafarge umiam\FINAL_WEBSITE\highslide\graphics\outlines\rounded-white.png --> salanja.pair.com /usr/www/users/krishna/webcomindia/demo/lafarge_umiam/highslide/graphics/outlines rounded-white.png
110.07.06 17:54 B F:\santonu\lafarge umiam\final_website\highslide\graphics\outlines\beveled.png --> salanja.pair.com /usr/www/users/krishna/webcomindia/lafarge/highslide/graphics/outlines beveled.png
110.07.06 17:54 B F:\santonu\lafarge umiam\final_website\highslide\graphics\outlines\drop-shadow.png --> salanja.pair.com /usr/www/users/krishna/webcomindia/lafarge/highslide/graphics/outlines drop-shadow.png
110.07.06 17:54 B F:\santonu\lafarge umiam\final_website\highslide\graphics\outlines\glossy-dark.png --> salanja.pair.com /usr/www/users/krishna/webcomindia/lafarge/highslide/graphics/outlines glossy-dark.png
110.07.06 17:54 B F:\santonu\lafarge umiam\final_website\highslide\graphics\outlines\outer-glow.png --> salanja.pair.com /usr/www/users/krishna/webcomindia/lafarge/highslide/graphics/outlines outer-glow.png
110.07.06 17:54 B F:\santonu\lafarge umiam\final_website\highslide\graphics\outlines\outlines.psd --> salanja.pair.com /usr/www/users/krishna/webcomindia/lafarge/highslide/graphics/outlines outlines.psd
110.07.06 17:54 B F:\santonu\lafarge umiam\final_website\highslide\graphics\outlines\rounded-black.png --> salanja.pair.com /usr/www/users/krishna/webcomindia/lafarge/highslide/graphics/outlines rounded-black.png
110.07.06 17:55 B F:\santonu\lafarge umiam\final_website\highslide\graphics\outlines\rounded-white.png --> salanja.pair.com /usr/www/users/krishna/webcomindia/lafarge/highslide/graphics/outlines rounded-white.png
110.07.07 18:20 A H:\FINAL_WEBSITE\highslide\graphics\outlines\beveled.png --> ftp.lumpl.com /public_html/highslide/graphics/outlines beveled.png
110.07.07 18:20 A H:\FINAL_WEBSITE\highslide\graphics\outlines\drop-shadow.png --> ftp.lumpl.com /public_html/highslide/graphics/outlines drop-shadow.png
110.07.07 18:20 A H:\FINAL_WEBSITE\highslide\graphics\outlines\glossy-dark.png --> ftp.lumpl.com /public_html/highslide/graphics/outlines glossy-dark.png
110.07.07 18:20 A H:\FINAL_WEBSITE\highslide\graphics\outlines\outer-glow.png --> ftp.lumpl.com /public_html/highslide/graphics/outlines outer-glow.png
110.07.07 18:20 A H:\FINAL_WEBSITE\highslide\graphics\outlines\Outlines.psd --> ftp.lumpl.com /public_html/highslide/graphics/outlines Outlines.psd
110.07.07 18:20 A H:\FINAL_WEBSITE\highslide\graphics\outlines\rounded-black.png --> ftp.lumpl.com /public_html/highslide/graphics/outlines rounded-black.png
110.07.07 18:20 A H:\FINAL_WEBSITE\highslide\graphics\outlines\rounded-white.png --> ftp.lumpl.com /public_html/highslide/graphics/outlines rounded-white.png
110.09.27 17:31 A C:\wamp\www\lafarge website\highslide\graphics\outlines\beveled.png --> salanja.pair.com /usr/www/users/krishna/webcomindia/demo/lafarge_new/highslide/graphics/outlines beveled.png
110.09.27 17:31 A C:\wamp\www\lafarge website\highslide\graphics\outlines\drop-shadow.png --> salanja.pair.com /usr/www/users/krishna/webcomindia/demo/lafarge_new/highslide/graphics/outlines drop-shadow.png
110.09.27 17:32 A C:\wamp\www\lafarge website\highslide\graphics\outlines\glossy-dark.png --> salanja.pair.com /usr/www/users/krishna/webcomindia/demo/lafarge_new/highslide/graphics/outlines glossy-dark.png
110.09.27 17:32 A C:\wamp\www\lafarge website\highslide\graphics\outlines\outer-glow.png --> salanja.pair.com /usr/www/users/krishna/webcomindia/demo/lafarge_new/highslide/graphics/outlines outer-glow.png
110.09.27 17:32 A C:\wamp\www\lafarge website\highslide\graphics\outlines\outlines.psd --> salanja.pair.com /usr/www/users/krishna/webcomindia/demo/lafarge_new/highslide/graphics/outlines outlines.psd
110.09.27 17:32 A C:\wamp\www\lafarge website\highslide\graphics\outlines\rounded-black.png --> salanja.pair.com /usr/www/users/krishna/webcomindia/demo/lafarge_new/highslide/graphics/outlines rounded-black.png
110.09.27 17:32 A C:\wamp\www\lafarge website\highslide\graphics\outlines\rounded-white.png --> salanja.pair.com /usr/www/users/krishna/webcomindia/demo/lafarge_new/highslide/graphics/outlines rounded-white.png
111.04.08 07:57 B F:\Application\php\bs\website\highslide\graphics\outlines\beveled.png --> 173.236.34.10 /highslide/graphics/outlines beveled.png
111.04.08 07:57 B F:\Application\php\bs\website\highslide\graphics\outlines\drop-shadow.png --> 173.236.34.10 /highslide/graphics/outlines drop-shadow.png
111.04.08 07:57 B F:\Application\php\bs\website\highslide\graphics\outlines\glossy-dark.png --> 173.236.34.10 /highslide/graphics/outlines glossy-dark.png
111.04.08 07:57 B F:\Application\php\bs\website\highslide\graphics\outlines\outer-glow.png --> 173.236.34.10 /highslide/graphics/outlines outer-glow.png
111.04.08 07:57 B F:\Application\php\bs\website\highslide\graphics\outlines\Outlines.psd --> 173.236.34.10 /highslide/graphics/outlines Outlines.psd
111.04.08 07:57 B F:\Application\php\bs\website\highslide\graphics\outlines\rounded-black.png --> 173.236.34.10 /highslide/graphics/outlines rounded-black.png
111.04.08 07:57 B F:\Application\php\bs\website\highslide\graphics\outlines\rounded-white.png --> 173.236.34.10 /highslide/graphics/outlines rounded-white.png
111.04.08 07:57 B F:\Application\php\bs\website\highslide\graphics\outlines\Thumbs.db --> 173.236.34.10 /highslide/graphics/outlines Thumbs.db
111.04.08 07:57 B F:\Application\php\bs\website\highslide\graphics\outlines\WS_FTP.LOG --> 173.236.34.10 /highslide/graphics/outlines WS_FTP.LOG
111.05.28 15:27 B F:\Application\php\prime news\photo\highslide\graphics\outlines\beveled.png --> ftp.primenewstv.com /photo/highslide/graphics/outlines beveled.png
111.05.28 15:27 B F:\Application\php\prime news\photo\highslide\graphics\outlines\drop-shadow.png --> ftp.primenewstv.com /photo/highslide/graphics/outlines drop-shadow.png
111.05.28 15:27 B F:\Application\php\prime news\photo\highslide\graphics\outlines\glossy-dark.png --> ftp.primenewstv.com /photo/highslide/graphics/outlines glossy-dark.png
111.05.28 15:27 B F:\Application\php\prime news\photo\highslide\graphics\outlines\outer-glow.png --> ftp.primenewstv.com /photo/highslide/graphics/outlines outer-glow.png
111.05.28 15:27 B F:\Application\php\prime news\photo\highslide\graphics\outlines\Outlines.psd --> ftp.primenewstv.com /photo/highslide/graphics/outlines Outlines.psd
111.05.28 15:27 B F:\Application\php\prime news\photo\highslide\graphics\outlines\rounded-black.png --> ftp.primenewstv.com /photo/highslide/graphics/outlines rounded-black.png
111.05.28 15:27 B F:\Application\php\prime news\photo\highslide\graphics\outlines\rounded-white.png --> ftp.primenewstv.com /photo/highslide/graphics/outlines rounded-white.png
111.05.28 15:27 B F:\Application\php\prime news\photo\highslide\graphics\outlines\Thumbs.db --> ftp.primenewstv.com /photo/highslide/graphics/outlines Thumbs.db
111.05.28 15:28 B F:\Application\php\prime news\photo\highslide\graphics\outlines\WS_FTP.LOG --> ftp.primenewstv.com /photo/highslide/graphics/outlines WS_FTP.LOG
111.05.30 17:07 B F:\Application\php\prime news\photo\highslide\graphics\outlines\beveled.png --> ftp.primenewstv.com /photo/highslide/graphics/outlines beveled.png
111.05.30 17:07 B F:\Application\php\prime news\photo\highslide\graphics\outlines\drop-shadow.png --> ftp.primenewstv.com /photo/highslide/graphics/outlines drop-shadow.png
111.05.30 17:07 B F:\Application\php\prime news\photo\highslide\graphics\outlines\glossy-dark.png --> ftp.primenewstv.com /photo/highslide/graphics/outlines glossy-dark.png
111.05.30 17:07 B F:\Application\php\prime news\photo\highslide\graphics\outlines\outer-glow.png --> ftp.primenewstv.com /photo/highslide/graphics/outlines outer-glow.png
111.05.30 17:07 B F:\Application\php\prime news\photo\highslide\graphics\outlines\Outlines.psd --> ftp.primenewstv.com /photo/highslide/graphics/outlines Outlines.psd
111.05.30 17:07 B F:\Application\php\prime news\photo\highslide\graphics\outlines\rounded-black.png --> ftp.primenewstv.com /photo/highslide/graphics/outlines rounded-black.png
111.05.30 17:07 B F:\Application\php\prime news\photo\highslide\graphics\outlines\rounded-white.png --> ftp.primenewstv.com /photo/highslide/graphics/outlines rounded-white.png
111.05.30 17:07 B F:\Application\php\prime news\photo\highslide\graphics\outlines\Thumbs.db --> ftp.primenewstv.com /photo/highslide/graphics/outlines Thumbs.db
111.05.30 17:07 B F:\Application\php\prime news\photo\highslide\graphics\outlines\WS_FTP.LOG --> ftp.primenewstv.com /photo/highslide/graphics/outlines WS_FTP.LOG
111.09.05 11:33 B C:\wamp\www\rgvn\highslide\graphics\outlines\beveled.png --> ftp.rgvnindia.org /wwwroot/highslide/graphics/outlines beveled.png
111.09.05 11:33 B C:\wamp\www\rgvn\highslide\graphics\outlines\drop-shadow.png --> ftp.rgvnindia.org /wwwroot/highslide/graphics/outlines drop-shadow.png
111.09.05 11:33 B C:\wamp\www\rgvn\highslide\graphics\outlines\glossy-dark.png --> ftp.rgvnindia.org /wwwroot/highslide/graphics/outlines glossy-dark.png
111.09.05 11:33 B C:\wamp\www\rgvn\highslide\graphics\outlines\outer-glow.png --> ftp.rgvnindia.org /wwwroot/highslide/graphics/outlines outer-glow.png
111.09.05 11:33 B C:\wamp\www\rgvn\highslide\graphics\outlines\rounded-black.png --> ftp.rgvnindia.org /wwwroot/highslide/graphics/outlines rounded-black.png
111.09.05 11:33 B C:\wamp\www\rgvn\highslide\graphics\outlines\rounded-white.png --> ftp.rgvnindia.org /wwwroot/highslide/graphics/outlines rounded-white.png
111.09.06 19:04 B E:\santonu website\utsha\website\highslide\graphics\outlines\beveled.png --> ftp.utsahassam.org /utsahassam.org/wwwroot/highslide/graphics/outlines beveled.png
111.09.06 19:04 B E:\santonu website\utsha\website\highslide\graphics\outlines\drop-shadow.png --> ftp.utsahassam.org /utsahassam.org/wwwroot/highslide/graphics/outlines drop-shadow.png
111.09.06 19:04 B E:\santonu website\utsha\website\highslide\graphics\outlines\glossy-dark.png --> ftp.utsahassam.org /utsahassam.org/wwwroot/highslide/graphics/outlines glossy-dark.png
111.09.06 19:04 B E:\santonu website\utsha\website\highslide\graphics\outlines\outer-glow.png --> ftp.utsahassam.org /utsahassam.org/wwwroot/highslide/graphics/outlines outer-glow.png
111.09.06 19:05 B E:\santonu website\utsha\website\highslide\graphics\outlines\outlines.psd --> ftp.utsahassam.org /utsahassam.org/wwwroot/highslide/graphics/outlines outlines.psd
111.09.06 19:05 B E:\santonu website\utsha\website\highslide\graphics\outlines\rounded-black.png --> ftp.utsahassam.org /utsahassam.org/wwwroot/highslide/graphics/outlines rounded-black.png
111.09.06 19:05 B E:\santonu website\utsha\website\highslide\graphics\outlines\rounded-white.png --> ftp.utsahassam.org /utsahassam.org/wwwroot/highslide/graphics/outlines rounded-white.png
111.09.06 19:05 B E:\santonu website\utsha\website\highslide\graphics\outlines\thumbs.db --> ftp.utsahassam.org /utsahassam.org/wwwroot/highslide/graphics/outlines thumbs.db
112.07.31 17:58 B C:\wamp\www\annupurna\website\highslide\graphics\outlines\beveled.png --> krishna1.pairserver.com /usr/home/krishna1/public_html/webcomindia/demo/annapurna/highslide/graphics/outlines beveled.png
112.07.31 17:58 B C:\wamp\www\annupurna\website\highslide\graphics\outlines\drop-shadow.png --> krishna1.pairserver.com /usr/home/krishna1/public_html/webcomindia/demo/annapurna/highslide/graphics/outlines drop-shadow.png
112.07.31 17:58 B C:\wamp\www\annupurna\website\highslide\graphics\outlines\glossy-dark.png --> krishna1.pairserver.com /usr/home/krishna1/public_html/webcomindia/demo/annapurna/highslide/graphics/outlines glossy-dark.png
112.07.31 17:58 B C:\wamp\www\annupurna\website\highslide\graphics\outlines\outer-glow.png --> krishna1.pairserver.com /usr/home/krishna1/public_html/webcomindia/demo/annapurna/highslide/graphics/outlines outer-glow.png
112.07.31 17:58 B C:\wamp\www\annupurna\website\highslide\graphics\outlines\Outlines.psd --> krishna1.pairserver.com /usr/home/krishna1/public_html/webcomindia/demo/annapurna/highslide/graphics/outlines Outlines.psd
112.07.31 17:58 B C:\wamp\www\annupurna\website\highslide\graphics\outlines\rounded-black.png --> krishna1.pairserver.com /usr/home/krishna1/public_html/webcomindia/demo/annapurna/highslide/graphics/outlines rounded-black.png
112.07.31 17:58 B C:\wamp\www\annupurna\website\highslide\graphics\outlines\rounded-white.png --> krishna1.pairserver.com /usr/home/krishna1/public_html/webcomindia/demo/annapurna/highslide/graphics/outlines rounded-white.png
112.09.12 11:09 B C:\wamp\www\annupurna\website\highslide\graphics\outlines\beveled.png --> ftp.webcomipl.net /demo/annapurna/new/highslide/graphics/outlines beveled.png
112.09.12 11:09 B C:\wamp\www\annupurna\website\highslide\graphics\outlines\drop-shadow.png --> ftp.webcomipl.net /demo/annapurna/new/highslide/graphics/outlines drop-shadow.png
112.09.12 11:09 B C:\wamp\www\annupurna\website\highslide\graphics\outlines\glossy-dark.png --> ftp.webcomipl.net /demo/annapurna/new/highslide/graphics/outlines glossy-dark.png
112.09.12 11:09 B C:\wamp\www\annupurna\website\highslide\graphics\outlines\outer-glow.png --> ftp.webcomipl.net /demo/annapurna/new/highslide/graphics/outlines outer-glow.png
112.09.12 11:09 B C:\wamp\www\annupurna\website\highslide\graphics\outlines\rounded-black.png --> ftp.webcomipl.net /demo/annapurna/new/highslide/graphics/outlines rounded-black.png
112.09.12 11:09 B C:\wamp\www\annupurna\website\highslide\graphics\outlines\rounded-white.png --> ftp.webcomipl.net /demo/annapurna/new/highslide/graphics/outlines rounded-white.png
